int --> (-1, -1)
IDENTIFIER --> (97, 0)
int --> (-1, -1)
IDENTIFIER --> (98, 0)
int --> (-1, -1)
IDENTIFIER --> (99, 0)
cout --> (-1, -1)
<< --> (-1, -1)
CONST --> (86, 0)
cin --> (-1, -1)
>> --> (-1, -1)
IDENTIFIER --> (97, 0)
cout --> (-1, -1)
<< --> (-1, -1)
CONST --> (71, 0)
cin --> (-1, -1)
>> --> (-1, -1)
IDENTIFIER --> (98, 0)
cout --> (-1, -1)
<< --> (-1, -1)
CONST --> (5, 0)
cin --> (-1, -1)
>> --> (-1, -1)
IDENTIFIER --> (99, 0)
if --> (-1, -1)
[ --> (-1, -1)
IDENTIFIER --> (97, 0)
+ --> (-1, -1)
IDENTIFIER --> (98, 0)
== --> (-1, -1)
IDENTIFIER --> (99, 0)
] --> (-1, -1)
{ --> (-1, -1)
cout --> (-1, -1)
<< --> (-1, -1)
CONST --> (14, 0)
} --> (-1, -1)
else --> (-1, -1)
{ --> (-1, -1)
cout --> (-1, -1)
<< --> (-1, -1)
CONST --> (98, 1)
} --> (-1, -1)
cout --> (-1, -1)
<< --> (-1, -1)
CONST --> (61, 0)